Using pre-set license
Built from '2020.3/release' branch; Version is '2020.3.1f1 (77a89f25062f) revision 7841951'; Using compiler version '192528614'; Build Type 'Release'
OS: 'Windows 10 Home; OS build 19042.867; Version 2009; 64bit' Language: 'en' Physical Memory: 12162 MB
BatchMode: 1, IsHumanControllingUs: 0, StartBugReporterOnCrash: 0, Is64bit: 1, IsPro: 0

 COMMAND LINE ARGUMENTS:
C:\Program Files\Unity\Hub\Editor\2020.3.1f1\Editor\Unity.exe
-adb2
-batchMode
-noUpm
-name
AssetImportWorker0
-projectPath
C:/Users/hansm/Github/410-Assignment_2/Assignment_2
-logFile
Logs/AssetImportWorker0.log
-srvPort
61346
Successfully changed project path to: C:/Users/hansm/Github/410-Assignment_2/Assignment_2
C:/Users/hansm/Github/410-Assignment_2/Assignment_2
Using Asset Import Pipeline V2.
Refreshing native plugins compatible for Editor in 54.43 ms, found 0 plugins.
Preloading 0 native plugins for Editor in 0.00 ms.
Initialize engine version: 2020.3.1f1 (77a89f25062f)
[Subsystems] Discovering subsystems at path C:/Program Files/Unity/Hub/Editor/2020.3.1f1/Editor/Data/Resources/UnitySubsystems
[Subsystems] Discovering subsystems at path C:/Users/hansm/Github/410-Assignment_2/Assignment_2/Assets
GfxDevice: creating device client; threaded=0
Direct3D:
    Version:  Direct3D 11.0 [level 11.1]
    Renderer: Intel(R) UHD Graphics 620 (ID=0x5917)
    Vendor:   
    VRAM:     6081 MB
    Driver:   23.20.16.4849
Initialize mono
Mono path[0] = 'C:/Program Files/Unity/Hub/Editor/2020.3.1f1/Editor/Data/Managed'
Mono path[1] = 'C:/Program Files/Unity/Hub/Editor/2020.3.1f1/Editor/Data/MonoBleedingEdge/lib/mono/unityjit'
Mono config path = 'C:/Program Files/Unity/Hub/Editor/2020.3.1f1/Editor/Data/MonoBleedingEdge/etc'
Using monoOptions --debugger-agent=transport=dt_socket,embedding=1,server=y,suspend=n,address=127.0.0.1:56480
Begin MonoManager ReloadAssembly
Registering precompiled unity dll's ...
Register platform support module: C:/Program Files/Unity/Hub/Editor/2020.3.1f1/Editor/Data/PlaybackEngines/WebGLSupport/UnityEditor.WebGL.Extensions.dll
Register platform support module: C:/Program Files/Unity/Hub/Editor/2020.3.1f1/Editor/Data/PlaybackEngines/WindowsStandaloneSupport/UnityEditor.WindowsStandalone.Extensions.dll
Registered in 0.003899 seconds.
Native extension for WindowsStandalone target not found
Native extension for WebGL target not found
Refreshing native plugins compatible for Editor in 46.34 ms, found 0 plugins.
Preloading 0 native plugins for Editor in 0.00 ms.
Invoked RoslynAnalysisRunner static constructor.
RoslynAnalysisRunner will not be running.
RoslynAnalysisRunner has terminated.
Mono: successfully reloaded assembly
- Completed reload, in  1.431 seconds
Platform modules already initialized, skipping
Registering precompiled user dll's ...
Registered in 0.005350 seconds.
Begin MonoManager ReloadAssembly
Native extension for WindowsStandalone target not found
Native extension for WebGL target not found
Refreshing native plugins compatible for Editor in 0.48 ms, found 0 plugins.
Preloading 0 native plugins for Editor in 0.00 ms.
Invoked RoslynAnalysisRunner static constructor.
RoslynAnalysisRunner will not be running.
RoslynAnalysisRunner has terminated.
Mono: successfully reloaded assembly
- Completed reload, in  0.995 seconds
Platform modules already initialized, skipping
========================================================================
Worker process is ready to serve import requests
Launched and connected shader compiler UnityShaderCompiler.exe after 0.07 seconds
Refreshing native plugins compatible for Editor in 0.82 ms, found 0 plugins.
Preloading 0 native plugins for Editor in 0.00 ms.
Unloading 1621 Unused Serialized files (Serialized files now loaded: 0)
System memory in use before: 148.6 MB.
System memory in use after: 148.6 MB.

Unloading 36 unused Assets to reduce memory usage. Loaded Objects now: 2053.
Total: 3.312700 ms (FindLiveObjects: 0.284700 ms CreateObjectMapping: 0.189600 ms MarkObjects: 2.706100 ms  DeleteObjects: 0.130700 ms)

========================================================================
Received Import Request.
  path: Assets/Prefabs/JohnLemon.prefab
  artifactKey: Guid(2f8fffe9897844836a08480ca8f4e910) Importer(815301076,1909f56bfc062723c751e8b465ee728b)
Start importing Assets/Prefabs/JohnLemon.prefab using Guid(2f8fffe9897844836a08480ca8f4e910) Importer(815301076,1909f56bfc062723c751e8b465ee728b)  -> (artifact id: 'f0c3556cc4dd430a16504c1f54ffff38') in 0.352070 seconds
  Import took 0.356458 seconds .

========================================================================
Received Prepare
Registering precompiled user dll's ...
Registered in 0.005306 seconds.
Begin MonoManager ReloadAssembly
Native extension for WindowsStandalone target not found
Native extension for WebGL target not found
Refreshing native plugins compatible for Editor in 0.48 ms, found 0 plugins.
Preloading 0 native plugins for Editor in 0.00 ms.
Invoked RoslynAnalysisRunner static constructor.
RoslynAnalysisRunner will not be running.
RoslynAnalysisRunner has terminated.
Mono: successfully reloaded assembly
- Completed reload, in  0.949 seconds
Platform modules already initialized, skipping
Refreshing native plugins compatible for Editor in 0.94 ms, found 0 plugins.
Preloading 0 native plugins for Editor in 0.00 ms.
Unloading 1585 Unused Serialized files (Serialized files now loaded: 0)
System memory in use before: 149.4 MB.
System memory in use after: 149.5 MB.

Unloading 27 unused Assets to reduce memory usage. Loaded Objects now: 2064.
Total: 3.116800 ms (FindLiveObjects: 0.351000 ms CreateObjectMapping: 0.131300 ms MarkObjects: 2.547700 ms  DeleteObjects: 0.083900 ms)

========================================================================
Received Prepare
Registering precompiled user dll's ...
Registered in 0.005270 seconds.
Begin MonoManager ReloadAssembly
Native extension for WindowsStandalone target not found
Native extension for WebGL target not found
Refreshing native plugins compatible for Editor in 0.48 ms, found 0 plugins.
Preloading 0 native plugins for Editor in 0.00 ms.
Invoked RoslynAnalysisRunner static constructor.
RoslynAnalysisRunner will not be running.
RoslynAnalysisRunner has terminated.
Mono: successfully reloaded assembly
- Completed reload, in  0.911 seconds
Platform modules already initialized, skipping
Refreshing native plugins compatible for Editor in 1.35 ms, found 0 plugins.
Preloading 0 native plugins for Editor in 0.00 ms.
Unloading 1584 Unused Serialized files (Serialized files now loaded: 0)
System memory in use before: 149.4 MB.
System memory in use after: 149.5 MB.

Unloading 27 unused Assets to reduce memory usage. Loaded Objects now: 2067.
Total: 3.098300 ms (FindLiveObjects: 0.300900 ms CreateObjectMapping: 0.121400 ms MarkObjects: 2.568500 ms  DeleteObjects: 0.105000 ms)

========================================================================
Received Import Request.
  Time since last request: 1188.126992 seconds.
  path: Assets/Scenes/MainScene.unity
  artifactKey: Guid(2b2805e195a7948c4b817e99d8f1e2be) Importer(815301076,1909f56bfc062723c751e8b465ee728b)
Start importing Assets/Scenes/MainScene.unity using Guid(2b2805e195a7948c4b817e99d8f1e2be) Importer(815301076,1909f56bfc062723c751e8b465ee728b)  -> (artifact id: 'f158e284c93a6c18cfe329d3fb741887') in 0.021533 seconds
  Import took 0.171818 seconds .

========================================================================
Received Import Request.
  Time since last request: 9.277924 seconds.
  path: Assets/Prefabs/New Lighting Settings 1.lighting
  artifactKey: Guid(ff954317918aa0e4297d463982abd645) Importer(815301076,1909f56bfc062723c751e8b465ee728b)
Start importing Assets/Prefabs/New Lighting Settings 1.lighting using Guid(ff954317918aa0e4297d463982abd645) Importer(815301076,1909f56bfc062723c751e8b465ee728b)  -> (artifact id: '18237b22e86cf3dfc228378e7e02f314') in 0.008036 seconds
  Import took 0.123088 seconds .

========================================================================
Received Prepare
Registering precompiled user dll's ...
Registered in 0.007553 seconds.
Begin MonoManager ReloadAssembly
Native extension for WindowsStandalone target not found
Native extension for WebGL target not found
Refreshing native plugins compatible for Editor in 0.47 ms, found 0 plugins.
Preloading 0 native plugins for Editor in 0.00 ms.
Invoked RoslynAnalysisRunner static constructor.
RoslynAnalysisRunner will not be running.
RoslynAnalysisRunner has terminated.
Mono: successfully reloaded assembly
- Completed reload, in  0.911 seconds
Platform modules already initialized, skipping
Refreshing native plugins compatible for Editor in 0.88 ms, found 0 plugins.
Preloading 0 native plugins for Editor in 0.00 ms.
Unloading 1584 Unused Serialized files (Serialized files now loaded: 0)
System memory in use before: 149.4 MB.
System memory in use after: 149.5 MB.

Unloading 27 unused Assets to reduce memory usage. Loaded Objects now: 2070.
Total: 3.107100 ms (FindLiveObjects: 0.327600 ms CreateObjectMapping: 0.122300 ms MarkObjects: 2.555300 ms  DeleteObjects: 0.099000 ms)

========================================================================
Received Import Request.
  Time since last request: 8.695930 seconds.
  path: Assets/Prefabs/New Lighting Settings.lighting
  artifactKey: Guid(83334b25c498b924dab6d12a98e8c375) Importer(815301076,1909f56bfc062723c751e8b465ee728b)
Start importing Assets/Prefabs/New Lighting Settings.lighting using Guid(83334b25c498b924dab6d12a98e8c375) Importer(815301076,1909f56bfc062723c751e8b465ee728b)  -> (artifact id: 'c662a42f8ebfab83b1435f1ca955a500') in 0.016336 seconds
  Import took 0.117475 seconds .

========================================================================
Received Prepare
Registering precompiled user dll's ...
Registered in 0.053614 seconds.
Begin MonoManager ReloadAssembly
Native extension for WindowsStandalone target not found
Native extension for WebGL target not found
Refreshing native plugins compatible for Editor in 0.49 ms, found 0 plugins.
Preloading 0 native plugins for Editor in 0.00 ms.
Invoked RoslynAnalysisRunner static constructor.
RoslynAnalysisRunner will not be running.
RoslynAnalysisRunner has terminated.
Mono: successfully reloaded assembly
- Completed reload, in  1.220 seconds
Platform modules already initialized, skipping
Refreshing native plugins compatible for Editor in 1.55 ms, found 0 plugins.
Preloading 0 native plugins for Editor in 0.00 ms.
Unloading 1584 Unused Serialized files (Serialized files now loaded: 0)
System memory in use before: 149.4 MB.
System memory in use after: 149.5 MB.

Unloading 27 unused Assets to reduce memory usage. Loaded Objects now: 2073.
Total: 2.780700 ms (FindLiveObjects: 0.274600 ms CreateObjectMapping: 0.104300 ms MarkObjects: 2.330500 ms  DeleteObjects: 0.069400 ms)

========================================================================
Received Import Request.
  Time since last request: 1171.501093 seconds.
  path: Assets/Scenes/MainScene.unity
  artifactKey: Guid(2b2805e195a7948c4b817e99d8f1e2be) Importer(815301076,1909f56bfc062723c751e8b465ee728b)
Start importing Assets/Scenes/MainScene.unity using Guid(2b2805e195a7948c4b817e99d8f1e2be) Importer(815301076,1909f56bfc062723c751e8b465ee728b)  -> (artifact id: 'db5797f0e5057a64ad010861cecddb58') in 0.010616 seconds
  Import took 0.048604 seconds .

========================================================================
Received Import Request.
  Time since last request: 1056.391781 seconds.
  path: ProjectSettings/TagManager.asset
  artifactKey: Guid(00000000000000003000000000000000) Importer(815301076,1909f56bfc062723c751e8b465ee728b)
Start importing ProjectSettings/TagManager.asset using Guid(00000000000000003000000000000000) Importer(815301076,1909f56bfc062723c751e8b465ee728b)  -> (artifact id: '805fad2e57c96fa8957d9465ea477d84') in 0.006941 seconds
  Import took 0.048051 seconds .

========================================================================
Received Prepare
Registering precompiled user dll's ...
Registered in 0.006976 seconds.
Begin MonoManager ReloadAssembly
Native extension for WindowsStandalone target not found
Native extension for WebGL target not found
Refreshing native plugins compatible for Editor in 0.47 ms, found 0 plugins.
Preloading 0 native plugins for Editor in 0.00 ms.
Invoked RoslynAnalysisRunner static constructor.
RoslynAnalysisRunner will not be running.
RoslynAnalysisRunner has terminated.
Mono: successfully reloaded assembly
- Completed reload, in  1.039 seconds
Platform modules already initialized, skipping
Refreshing native plugins compatible for Editor in 0.81 ms, found 0 plugins.
Preloading 0 native plugins for Editor in 0.00 ms.
Unloading 1584 Unused Serialized files (Serialized files now loaded: 0)
System memory in use before: 149.5 MB.
System memory in use after: 149.6 MB.

Unloading 28 unused Assets to reduce memory usage. Loaded Objects now: 2076.
Total: 3.428600 ms (FindLiveObjects: 0.332500 ms CreateObjectMapping: 0.115300 ms MarkObjects: 2.889900 ms  DeleteObjects: 0.088800 ms)

========================================================================
Received Import Request.
  Time since last request: 272.373299 seconds.
  path: Assets/Scenes/MainScene
  artifactKey: Guid(455c29f6d66a32e4f9f5593c2df5bb59) Importer(815301076,1909f56bfc062723c751e8b465ee728b)
Start importing Assets/Scenes/MainScene using Guid(455c29f6d66a32e4f9f5593c2df5bb59) Importer(815301076,1909f56bfc062723c751e8b465ee728b)  -> (artifact id: '1a8ee3e4f1435548804c9b080ca92072') in 0.007894 seconds
  Import took 0.046890 seconds .

========================================================================
Received Prepare
Registering precompiled user dll's ...
Registered in 0.005646 seconds.
Begin MonoManager ReloadAssembly
Native extension for WindowsStandalone target not found
Native extension for WebGL target not found
Refreshing native plugins compatible for Editor in 0.49 ms, found 0 plugins.
Preloading 0 native plugins for Editor in 0.00 ms.
Invoked RoslynAnalysisRunner static constructor.
RoslynAnalysisRunner will not be running.
RoslynAnalysisRunner has terminated.
Mono: successfully reloaded assembly
- Completed reload, in  0.882 seconds
Platform modules already initialized, skipping
Refreshing native plugins compatible for Editor in 0.91 ms, found 0 plugins.
Preloading 0 native plugins for Editor in 0.00 ms.
Unloading 1584 Unused Serialized files (Serialized files now loaded: 0)
System memory in use before: 149.5 MB.
System memory in use after: 149.6 MB.

Unloading 27 unused Assets to reduce memory usage. Loaded Objects now: 2079.
Total: 3.398300 ms (FindLiveObjects: 0.335500 ms CreateObjectMapping: 0.135700 ms MarkObjects: 2.831400 ms  DeleteObjects: 0.093000 ms)

========================================================================
Received Prepare
Registering precompiled user dll's ...
Registered in 0.005491 seconds.
Begin MonoManager ReloadAssembly
Native extension for WindowsStandalone target not found
Native extension for WebGL target not found
Refreshing native plugins compatible for Editor in 0.73 ms, found 0 plugins.
Preloading 0 native plugins for Editor in 0.00 ms.
Invoked RoslynAnalysisRunner static constructor.
RoslynAnalysisRunner will not be running.
RoslynAnalysisRunner has terminated.
Mono: successfully reloaded assembly
- Completed reload, in  0.924 seconds
Platform modules already initialized, skipping
Refreshing native plugins compatible for Editor in 0.92 ms, found 0 plugins.
Preloading 0 native plugins for Editor in 0.00 ms.
Unloading 1584 Unused Serialized files (Serialized files now loaded: 0)
System memory in use before: 149.6 MB.
System memory in use after: 149.6 MB.

Unloading 27 unused Assets to reduce memory usage. Loaded Objects now: 2082.
Total: 4.698200 ms (FindLiveObjects: 0.686800 ms CreateObjectMapping: 0.288900 ms MarkObjects: 3.633900 ms  DeleteObjects: 0.086400 ms)

========================================================================
Received Import Request.
  Time since last request: 957.166480 seconds.
  path: Assets/New Lighting Settings.lighting
  artifactKey: Guid(0b2f4dfe838ce6c4b8fc12cb2e8a3f15) Importer(815301076,1909f56bfc062723c751e8b465ee728b)
Start importing Assets/New Lighting Settings.lighting using Guid(0b2f4dfe838ce6c4b8fc12cb2e8a3f15) Importer(815301076,1909f56bfc062723c751e8b465ee728b)  -> (artifact id: '4a423a12e61252572fb1f2991de81fb4') in 0.035491 seconds
  Import took 0.038992 seconds .

========================================================================
Received Import Request.
  Time since last request: 0.003685 seconds.
  path: Assets/New Lighting Settings.lighting
  artifactKey: Guid(0b2f4dfe838ce6c4b8fc12cb2e8a3f15) Importer(815301076,1909f56bfc062723c751e8b465ee728b)
Start importing Assets/New Lighting Settings.lighting using Guid(0b2f4dfe838ce6c4b8fc12cb2e8a3f15) Importer(815301076,1909f56bfc062723c751e8b465ee728b)  -> (artifact id: '4a423a12e61252572fb1f2991de81fb4') in 0.003517 seconds
  Import took 0.006614 seconds .

========================================================================
Received Import Request.
  Time since last request: 47.230533 seconds.
  path: Assets/Animation
  artifactKey: Guid(1f19bea6983d93d4083ef7ffa4b8bdfb) Importer(815301076,1909f56bfc062723c751e8b465ee728b)
Start importing Assets/Animation using Guid(1f19bea6983d93d4083ef7ffa4b8bdfb) Importer(815301076,1909f56bfc062723c751e8b465ee728b)  -> (artifact id: 'bdaec10d4d88f351942be37155194982') in 0.004491 seconds
  Import took 0.012771 seconds .

========================================================================
Received Import Request.
  Time since last request: 0.000598 seconds.
  path: Assets/Animation
  artifactKey: Guid(1f19bea6983d93d4083ef7ffa4b8bdfb) Importer(815301076,1909f56bfc062723c751e8b465ee728b)
Start importing Assets/Animation using Guid(1f19bea6983d93d4083ef7ffa4b8bdfb) Importer(815301076,1909f56bfc062723c751e8b465ee728b)  -> (artifact id: 'bdaec10d4d88f351942be37155194982') in 0.003327 seconds
  Import took 0.006885 seconds .

========================================================================
Received Import Request.
  Time since last request: 35.762674 seconds.
  path: Assets/Hans/GlobalPost.prefab
  artifactKey: Guid(abe2b6a14fc358849b43247449fde85c) Importer(815301076,1909f56bfc062723c751e8b465ee728b)
Start importing Assets/Hans/GlobalPost.prefab using Guid(abe2b6a14fc358849b43247449fde85c) Importer(815301076,1909f56bfc062723c751e8b465ee728b)  -> (artifact id: 'dff2a4fa680209f738eb41a6eae5029d') in 0.057127 seconds
  Import took 0.060257 seconds .

========================================================================
Received Prepare
Registering precompiled user dll's ...
Registered in 0.005650 seconds.
Begin MonoManager ReloadAssembly
Native extension for WindowsStandalone target not found
Native extension for WebGL target not found
Refreshing native plugins compatible for Editor in 0.51 ms, found 0 plugins.
Preloading 0 native plugins for Editor in 0.00 ms.
Invoked RoslynAnalysisRunner static constructor.
RoslynAnalysisRunner will not be running.
RoslynAnalysisRunner has terminated.
Mono: successfully reloaded assembly
- Completed reload, in  1.751 seconds
Platform modules already initialized, skipping
Refreshing native plugins compatible for Editor in 0.84 ms, found 0 plugins.
Preloading 0 native plugins for Editor in 0.00 ms.
Unloading 1584 Unused Serialized files (Serialized files now loaded: 0)
System memory in use before: 149.6 MB.
System memory in use after: 149.7 MB.

Unloading 27 unused Assets to reduce memory usage. Loaded Objects now: 2085.
Total: 3.513900 ms (FindLiveObjects: 0.333700 ms CreateObjectMapping: 0.129500 ms MarkObjects: 2.943900 ms  DeleteObjects: 0.105200 ms)

========================================================================
Received Prepare
Registering precompiled user dll's ...
Registered in 0.008179 seconds.
Begin MonoManager ReloadAssembly
Native extension for WindowsStandalone target not found
Native extension for WebGL target not found
Refreshing native plugins compatible for Editor in 1.02 ms, found 0 plugins.
Preloading 0 native plugins for Editor in 0.00 ms.
Invoked RoslynAnalysisRunner static constructor.
RoslynAnalysisRunner will not be running.
RoslynAnalysisRunner has terminated.
Mono: successfully reloaded assembly
- Completed reload, in  2.873 seconds
Platform modules already initialized, skipping
Refreshing native plugins compatible for Editor in 1.14 ms, found 0 plugins.
Preloading 0 native plugins for Editor in 0.00 ms.
Unloading 1584 Unused Serialized files (Serialized files now loaded: 0)
System memory in use before: 149.5 MB.
System memory in use after: 149.6 MB.

Unloading 27 unused Assets to reduce memory usage. Loaded Objects now: 2088.
Total: 4.464400 ms (FindLiveObjects: 0.357400 ms CreateObjectMapping: 0.142700 ms MarkObjects: 3.835400 ms  DeleteObjects: 0.126300 ms)

========================================================================
Received Import Request.
  Time since last request: 331.660737 seconds.
  path: Assets/Models/Bathroom/BathTub.fbx
  artifactKey: Guid(450fb73028c576343ae0321cd675ac52) Importer(815301076,1909f56bfc062723c751e8b465ee728b)
Start importing Assets/Models/Bathroom/BathTub.fbx using Guid(450fb73028c576343ae0321cd675ac52) Importer(815301076,1909f56bfc062723c751e8b465ee728b)  -> (artifact id: '1d7b44ac4d41f32876cec786c34bad1c') in 0.527897 seconds
  Import took 0.548615 seconds .

========================================================================
Received Import Request.
  Time since last request: 0.000384 seconds.
  path: Assets/Models/Corridor/PictureFrame_Wolf.FBX
  artifactKey: Guid(16359bd0c00e50e4580e93430782bac3) Importer(815301076,1909f56bfc062723c751e8b465ee728b)
Start importing Assets/Models/Corridor/PictureFrame_Wolf.FBX using Guid(16359bd0c00e50e4580e93430782bac3) Importer(815301076,1909f56bfc062723c751e8b465ee728b)  -> (artifact id: '722cdce0ff810b7e360fc94cca31a901') in 0.029858 seconds
  Import took 0.048767 seconds .

========================================================================
Received Import Request.
  Time since last request: 0.000374 seconds.
  path: Assets/Models/Corridor/Wall_Windows_Straight.fbx
  artifactKey: Guid(1a07ed1dbd440384c89497a167bde353) Importer(815301076,1909f56bfc062723c751e8b465ee728b)
Start importing Assets/Models/Corridor/Wall_Windows_Straight.fbx using Guid(1a07ed1dbd440384c89497a167bde353) Importer(815301076,1909f56bfc062723c751e8b465ee728b)  -> (artifact id: 'bba47b154ebc606c04d72047c9405cfc') in 0.049829 seconds
  Import took 0.067462 seconds .

========================================================================
Received Import Request.
  Time since last request: 0.000342 seconds.
  path: Assets/Models/Corridor/Wall_Window_02.fbx
  artifactKey: Guid(5d88d553abd2ff741bbd24e9fb2ff861) Importer(815301076,1909f56bfc062723c751e8b465ee728b)
Start importing Assets/Models/Corridor/Wall_Window_02.fbx using Guid(5d88d553abd2ff741bbd24e9fb2ff861) Importer(815301076,1909f56bfc062723c751e8b465ee728b)  -> (artifact id: '244b2a0b3a14966afd5534e5e016b5cf') in 0.054058 seconds
  Import took 0.084791 seconds .

========================================================================
Received Import Request.
  Time since last request: 0.000386 seconds.
  path: Assets/Animation/Animation/Gargoyle@Idle.fbx
  artifactKey: Guid(475d389e70692ca4abb09caca1aef9ae) Importer(815301076,1909f56bfc062723c751e8b465ee728b)
Start importing Assets/Animation/Animation/Gargoyle@Idle.fbx using Guid(475d389e70692ca4abb09caca1aef9ae) Importer(815301076,1909f56bfc062723c751e8b465ee728b)  -> (artifact id: 'f845090a8794e60d909b378c43da9485') in 0.137466 seconds
  Import took 0.140492 seconds .

========================================================================
Received Import Request.
  Time since last request: 0.000328 seconds.
  path: Assets/Models/Corridor/CeilingPlane.fbx
  artifactKey: Guid(4aa23393587d7204bbc9f4a30599bf61) Importer(815301076,1909f56bfc062723c751e8b465ee728b)
Start importing Assets/Models/Corridor/CeilingPlane.fbx using Guid(4aa23393587d7204bbc9f4a30599bf61) Importer(815301076,1909f56bfc062723c751e8b465ee728b)  -> (artifact id: '74ec3bc871be5db031f011c86e637bd9') in 0.251534 seconds
  Import took 0.270157 seconds .

========================================================================
Received Import Request.
  Time since last request: 0.000347 seconds.
  path: Assets/Animation/Animation/John@Idle.fbx
  artifactKey: Guid(873202b19b03a8a4e976f0b15d21cd24) Importer(815301076,1909f56bfc062723c751e8b465ee728b)
Start importing Assets/Animation/Animation/John@Idle.fbx using Guid(873202b19b03a8a4e976f0b15d21cd24) Importer(815301076,1909f56bfc062723c751e8b465ee728b)  -> (artifact id: '042cd8595e1c7417aa53c5daeffbd93d') in 0.091459 seconds
  Import took 0.128303 seconds .

========================================================================
Received Import Request.
  Time since last request: 0.000309 seconds.
  path: Assets/Models/Diningroom/Chair_01.FBX
  artifactKey: Guid(636ef07689e5cb94db6f568e6cb15df1) Importer(815301076,1909f56bfc062723c751e8b465ee728b)
Start importing Assets/Models/Diningroom/Chair_01.FBX using Guid(636ef07689e5cb94db6f568e6cb15df1) Importer(815301076,1909f56bfc062723c751e8b465ee728b)  -> (artifact id: '9b5a31fcd26744349ed3aac2563998bf') in 0.032698 seconds
  Import took 0.050666 seconds .

========================================================================
Received Import Request.
  Time since last request: 0.000402 seconds.
  path: Assets/Models/Diningroom/Fireplace.FBX
  artifactKey: Guid(03955b9ce72ce6243ad7d5a4237f995d) Importer(815301076,1909f56bfc062723c751e8b465ee728b)
Start importing Assets/Models/Diningroom/Fireplace.FBX using Guid(03955b9ce72ce6243ad7d5a4237f995d) Importer(815301076,1909f56bfc062723c751e8b465ee728b)  -> (artifact id: '7e54bb7f222cc4fe17e3fe7d6c9d6581') in 0.025031 seconds
  Import took 0.029977 seconds .

========================================================================
Received Import Request.
  Time since last request: 0.000729 seconds.
  path: Assets/Models/Corridor/Light.FBX
  artifactKey: Guid(fc0082b7f28474047b0d08e22d9a0a06) Importer(815301076,1909f56bfc062723c751e8b465ee728b)
Start importing Assets/Models/Corridor/Light.FBX using Guid(fc0082b7f28474047b0d08e22d9a0a06) Importer(815301076,1909f56bfc062723c751e8b465ee728b)  -> (artifact id: '293b9d2fe7cc834104eea01843d136a4') in 0.080369 seconds
  Import took 0.088641 seconds .

========================================================================
Received Import Request.
  Time since last request: 0.000663 seconds.
  path: Assets/Models/Corridor/Wall_Corner_Interior.fbx
  artifactKey: Guid(9da5aa368549f3e4883e3ca4b3ed05b8) Importer(815301076,1909f56bfc062723c751e8b465ee728b)
Start importing Assets/Models/Corridor/Wall_Corner_Interior.fbx using Guid(9da5aa368549f3e4883e3ca4b3ed05b8) Importer(815301076,1909f56bfc062723c751e8b465ee728b)  -> (artifact id: '8bbd32cf566346ff5ff87093d85f4632') in 0.066141 seconds
  Import took 0.084574 seconds .

========================================================================
Received Import Request.
  Time since last request: 0.000327 seconds.
  path: Assets/Models/Corridor/PictureFrame_GhostMan.FBX
  artifactKey: Guid(ff679918594d2cb44996e920ec16ca62) Importer(815301076,1909f56bfc062723c751e8b465ee728b)
Start importing Assets/Models/Corridor/PictureFrame_GhostMan.FBX using Guid(ff679918594d2cb44996e920ec16ca62) Importer(815301076,1909f56bfc062723c751e8b465ee728b)  -> (artifact id: '27e761fcb781a174895ab68d182f702e') in 0.016485 seconds
  Import took 0.043984 seconds .

========================================================================
Received Import Request.
  Time since last request: 0.000346 seconds.
  path: Assets/Prefabs/Environment/Bedroom/Bed.prefab
  artifactKey: Guid(645ef604d3d32e045b044529dbc554af) Importer(815301076,1909f56bfc062723c751e8b465ee728b)
Start importing Assets/Prefabs/Environment/Bedroom/Bed.prefab using Guid(645ef604d3d32e045b044529dbc554af) Importer(815301076,1909f56bfc062723c751e8b465ee728b)  -> (artifact id: 'ae9346a044a2e87918b04d62e805f1ed') in 0.012353 seconds
  Import took 0.027053 seconds .

========================================================================
Received Import Request.
  Time since last request: 0.000344 seconds.
  path: Assets/Models/Bathroom/Mirror.fbx
  artifactKey: Guid(c0a26f31b736dae4a8f2591c0eda0980) Importer(815301076,1909f56bfc062723c751e8b465ee728b)
Start importing Assets/Models/Bathroom/Mirror.fbx using Guid(c0a26f31b736dae4a8f2591c0eda0980) Importer(815301076,1909f56bfc062723c751e8b465ee728b)  -> (artifact id: 'af58541c49810fb52869a880167c80a4') in 0.015186 seconds
  Import took 0.017897 seconds .

========================================================================
Received Import Request.
  Time since last request: 0.000342 seconds.
  path: Assets/Prefabs/Environment/Dinigroom/Chair_2.prefab
  artifactKey: Guid(63d1dcb66a43f6048b46981a4abc3fff) Importer(815301076,1909f56bfc062723c751e8b465ee728b)
Start importing Assets/Prefabs/Environment/Dinigroom/Chair_2.prefab using Guid(63d1dcb66a43f6048b46981a4abc3fff) Importer(815301076,1909f56bfc062723c751e8b465ee728b)  -> (artifact id: 'eb0d78461e47d8581d198382a89f1be6') in 0.023952 seconds
  Import took 0.052076 seconds .

========================================================================
Received Import Request.
  Time since last request: 0.000395 seconds.
  path: Assets/Prefabs/Environment/Dinigroom/Clock.prefab
  artifactKey: Guid(836b935a856cf8842a48d2069e17341f) Importer(815301076,1909f56bfc062723c751e8b465ee728b)
Start importing Assets/Prefabs/Environment/Dinigroom/Clock.prefab using Guid(836b935a856cf8842a48d2069e17341f) Importer(815301076,1909f56bfc062723c751e8b465ee728b)  -> (artifact id: '060e584fdb6cd3e334a703854704d510') in 0.012855 seconds
  Import took 0.015714 seconds .

========================================================================
Received Import Request.
  Time since last request: 0.000332 seconds.
  path: Assets/Prefabs/Environment/Dinigroom/Chair_1.prefab
  artifactKey: Guid(18e8f3cf6fe42a7438059622a10c61db) Importer(815301076,1909f56bfc062723c751e8b465ee728b)
Start importing Assets/Prefabs/Environment/Dinigroom/Chair_1.prefab using Guid(18e8f3cf6fe42a7438059622a10c61db) Importer(815301076,1909f56bfc062723c751e8b465ee728b)  -> (artifact id: 'e08cdb0abb166683007ab3111757e185') in 0.012309 seconds
  Import took 0.014994 seconds .

========================================================================
Received Import Request.
  Time since last request: 0.000362 seconds.
  path: Assets/Models/VFX/DropSplash.fbx
  artifactKey: Guid(e6c27adf3e47c024da4e786f5898c785) Importer(815301076,1909f56bfc062723c751e8b465ee728b)
Start importing Assets/Models/VFX/DropSplash.fbx using Guid(e6c27adf3e47c024da4e786f5898c785) Importer(815301076,1909f56bfc062723c751e8b465ee728b)  -> (artifact id: '53563c0a9fff95c11cb84c919026ca85') in 0.014505 seconds
  Import took 0.045604 seconds .

========================================================================
Received Import Request.
  Time since last request: 0.000360 seconds.
  path: Assets/Prefabs/VFX/DustMotesEffect.prefab
  artifactKey: Guid(5ca4c580b3888314581688fa46fb142d) Importer(815301076,1909f56bfc062723c751e8b465ee728b)
Start importing Assets/Prefabs/VFX/DustMotesEffect.prefab using Guid(5ca4c580b3888314581688fa46fb142d) Importer(815301076,1909f56bfc062723c751e8b465ee728b)  -> (artifact id: '26dad9309f64f698ce23d99b0a8e0def') in 0.024015 seconds
  Import took 0.091467 seconds .

========================================================================
Received Import Request.
  Time since last request: 0.000929 seconds.
  path: Assets/Models/Diningroom/CandleStick.FBX
  artifactKey: Guid(e22a5b6ca349db446bb2a6d28267d80b) Importer(815301076,1909f56bfc062723c751e8b465ee728b)
Start importing Assets/Models/Diningroom/CandleStick.FBX using Guid(e22a5b6ca349db446bb2a6d28267d80b) Importer(815301076,1909f56bfc062723c751e8b465ee728b)  -> (artifact id: '0ae76573074377959b5f82c0efb377a0') in 0.025288 seconds
  Import took 0.088750 seconds .

========================================================================
Received Import Request.
  Time since last request: 0.000465 seconds.
  path: Assets/Models/Corridor/Wall_Corner_Exterior_In.fbx
  artifactKey: Guid(ce7c02c9dadf6a6469afbcc32ab786ca) Importer(815301076,1909f56bfc062723c751e8b465ee728b)
Start importing Assets/Models/Corridor/Wall_Corner_Exterior_In.fbx using Guid(ce7c02c9dadf6a6469afbcc32ab786ca) Importer(815301076,1909f56bfc062723c751e8b465ee728b)  -> (artifact id: '7c280671970d718e7cba3f07f53dc412') in 0.026348 seconds
  Import took 0.044772 seconds .

========================================================================
Received Import Request.
  Time since last request: 0.000348 seconds.
  path: Assets/Prefabs/Environment/Bathroom/Radiator.prefab
  artifactKey: Guid(9ded59359705f924f827fd6059c964fe) Importer(815301076,1909f56bfc062723c751e8b465ee728b)
Start importing Assets/Prefabs/Environment/Bathroom/Radiator.prefab using Guid(9ded59359705f924f827fd6059c964fe) Importer(815301076,1909f56bfc062723c751e8b465ee728b)  -> (artifact id: '2adccd125a4f7d055da59b61d8d167af') in 0.024362 seconds
  Import took 0.051516 seconds .

========================================================================
Received Import Request.
  Time since last request: 0.000313 seconds.
  path: Assets/Prefabs/Environment/Corridors/Rug_Corridor.prefab
  artifactKey: Guid(d6f7474cae3e0ab43bce6c8505c5db19) Importer(815301076,1909f56bfc062723c751e8b465ee728b)
Start importing Assets/Prefabs/Environment/Corridors/Rug_Corridor.prefab using Guid(d6f7474cae3e0ab43bce6c8505c5db19) Importer(815301076,1909f56bfc062723c751e8b465ee728b)  -> (artifact id: '4b1051f0d315f0a75851883d98eac87c') in 0.015482 seconds
  Import took 0.018846 seconds .

========================================================================
Received Import Request.
  Time since last request: 0.000371 seconds.
  path: Assets/Prefabs/Environment/Dinigroom/Rug_Diningroom.prefab
  artifactKey: Guid(fba3762311c1bb54eb2cea0b832496ff) Importer(815301076,1909f56bfc062723c751e8b465ee728b)
Start importing Assets/Prefabs/Environment/Dinigroom/Rug_Diningroom.prefab using Guid(fba3762311c1bb54eb2cea0b832496ff) Importer(815301076,1909f56bfc062723c751e8b465ee728b)  -> (artifact id: 'e71b6060eec1146cd8bb406fa38f1e29') in 0.012892 seconds
  Import took 0.016045 seconds .

========================================================================
Received Import Request.
  Time since last request: 0.000318 seconds.
  path: Assets/Models/Diningroom/Floor_Diningroom.fbx
  artifactKey: Guid(698328cb89c262d47803daf585012ed8) Importer(815301076,1909f56bfc062723c751e8b465ee728b)
Start importing Assets/Models/Diningroom/Floor_Diningroom.fbx using Guid(698328cb89c262d47803daf585012ed8) Importer(815301076,1909f56bfc062723c751e8b465ee728b)  -> (artifact id: '162c1ac24cccf624cdbb58f9614c3d9f') in 0.018677 seconds
  Import took 0.022048 seconds .

========================================================================
Received Import Request.
  Time since last request: 0.000345 seconds.
  path: Assets/Models/Diningroom/Table.FBX
  artifactKey: Guid(2c74f046c01bd7e4591c2e4e2567ca46) Importer(815301076,1909f56bfc062723c751e8b465ee728b)
Start importing Assets/Models/Diningroom/Table.FBX using Guid(2c74f046c01bd7e4591c2e4e2567ca46) Importer(815301076,1909f56bfc062723c751e8b465ee728b)  -> (artifact id: '574620bacca04a600f2f75291cd48723') in 0.018460 seconds
  Import took 0.021482 seconds .

========================================================================
Received Import Request.
  Time since last request: 0.000334 seconds.
  path: Assets/Prefabs/Environment/Corridors/Wall_Corner_Exterior_In.prefab
  artifactKey: Guid(5bb95bbe94bc3eb4897d4218ec092132) Importer(815301076,1909f56bfc062723c751e8b465ee728b)
Start importing Assets/Prefabs/Environment/Corridors/Wall_Corner_Exterior_In.prefab using Guid(5bb95bbe94bc3eb4897d4218ec092132) Importer(815301076,1909f56bfc062723c751e8b465ee728b)  -> (artifact id: 'd8c7ff6093adeb86786ea4711bcdd632') in 0.024720 seconds
  Import took 0.027456 seconds .

========================================================================
Received Import Request.
  Time since last request: 0.000367 seconds.
  path: Assets/Models/Corridor/Wall_Straight_Exterior_03.fbx
  artifactKey: Guid(c11d870118a768c4e9205040e2d8503b) Importer(815301076,1909f56bfc062723c751e8b465ee728b)
Start importing Assets/Models/Corridor/Wall_Straight_Exterior_03.fbx using Guid(c11d870118a768c4e9205040e2d8503b) Importer(815301076,1909f56bfc062723c751e8b465ee728b)  -> (artifact id: '6371395322502ae4fd5f18a42ed0b3a1') in 0.019871 seconds
  Import took 0.042881 seconds .

========================================================================
Received Import Request.
  Time since last request: 0.000372 seconds.
  path: Assets/Prefabs/Environment/Corridors/Wall_Straight_01.prefab
  artifactKey: Guid(f0813250bbbbb424388bcfd29b014cb7) Importer(815301076,1909f56bfc062723c751e8b465ee728b)
Start importing Assets/Prefabs/Environment/Corridors/Wall_Straight_01.prefab using Guid(f0813250bbbbb424388bcfd29b014cb7) Importer(815301076,1909f56bfc062723c751e8b465ee728b)  -> (artifact id: 'c09a293ac904ef8449ef82904c07826a') in 0.025886 seconds
  Import took 0.039103 seconds .

========================================================================
Received Import Request.
  Time since last request: 0.000349 seconds.
  path: Assets/Models/Corridor/Wall_Corner_Exterior_Out.fbx
  artifactKey: Guid(8a4dc94854ea93147b8b87b7df72a8c1) Importer(815301076,1909f56bfc062723c751e8b465ee728b)
Start importing Assets/Models/Corridor/Wall_Corner_Exterior_Out.fbx using Guid(8a4dc94854ea93147b8b87b7df72a8c1) Importer(815301076,1909f56bfc062723c751e8b465ee728b)  -> (artifact id: 'efe731b6f9e70e5517fa258ece77425b') in 0.018812 seconds
  Import took 0.021556 seconds .

========================================================================
Received Import Request.
  Time since last request: 0.000356 seconds.
  path: Assets/Models/Corridor/Wall_Straight_Exterior_02.fbx
  artifactKey: Guid(6a0625cedbf7c6c4c8b9c31e537a9403) Importer(815301076,1909f56bfc062723c751e8b465ee728b)
Start importing Assets/Models/Corridor/Wall_Straight_Exterior_02.fbx using Guid(6a0625cedbf7c6c4c8b9c31e537a9403) Importer(815301076,1909f56bfc062723c751e8b465ee728b)  -> (artifact id: '11be82816a76c0ea555c2ee332332cc5') in 0.053709 seconds
  Import took 0.077687 seconds .

========================================================================
Received Import Request.
  Time since last request: 0.000367 seconds.
  path: Assets/Prefabs/Environment/Bedroom/Bedside_Table.prefab
  artifactKey: Guid(c68b0496eaa4e75479451d4c408f629c) Importer(815301076,1909f56bfc062723c751e8b465ee728b)
Start importing Assets/Prefabs/Environment/Bedroom/Bedside_Table.prefab using Guid(c68b0496eaa4e75479451d4c408f629c) Importer(815301076,1909f56bfc062723c751e8b465ee728b)  -> (artifact id: '0a764120f5d365314535da58f2c29156') in 0.013122 seconds
  Import took 0.029516 seconds .

========================================================================
Received Import Request.
  Time since last request: 0.000390 seconds.
  path: Assets/Prefabs/Environment/Dinigroom/Fireplace.prefab
  artifactKey: Guid(de12a8ff68064d149b96fd74850abce6) Importer(815301076,1909f56bfc062723c751e8b465ee728b)
Start importing Assets/Prefabs/Environment/Dinigroom/Fireplace.prefab using Guid(de12a8ff68064d149b96fd74850abce6) Importer(815301076,1909f56bfc062723c751e8b465ee728b)  -> (artifact id: '2e3edc102f7650476e276e9b5bf29ac1') in 0.012558 seconds
  Import took 0.024387 seconds .

========================================================================
Received Import Request.
  Time since last request: 0.000331 seconds.
  path: Assets/Prefabs/Environment/Corridors/Wall_Windows_Straight.prefab
  artifactKey: Guid(66f6da02ac19ec84ab23f955e403ac32) Importer(815301076,1909f56bfc062723c751e8b465ee728b)
Start importing Assets/Prefabs/Environment/Corridors/Wall_Windows_Straight.prefab using Guid(66f6da02ac19ec84ab23f955e403ac32) Importer(815301076,1909f56bfc062723c751e8b465ee728b)  -> (artifact id: 'efc598f41ed9170e12fbd177a85d761f') in 0.028283 seconds
  Import took 0.031266 seconds .

========================================================================
Received Import Request.
  Time since last request: 0.000309 seconds.
  path: Assets/Prefabs/Environment/Bedroom/Wardrobe.prefab
  artifactKey: Guid(1f2baa001e967a24fa7e0722636120b0) Importer(815301076,1909f56bfc062723c751e8b465ee728b)
Start importing Assets/Prefabs/Environment/Bedroom/Wardrobe.prefab using Guid(1f2baa001e967a24fa7e0722636120b0) Importer(815301076,1909f56bfc062723c751e8b465ee728b)  -> (artifact id: '0b8c10be39c91b6b1552950fc995de82') in 0.022510 seconds
  Import took 0.029612 seconds .

========================================================================
Received Import Request.
  Time since last request: 0.000538 seconds.
  path: Packages/com.unity.xr.legacyinputhelpers/Prefabs/XRRig.prefab
  artifactKey: Guid(c116b7497ab8ca34c9188965d4295e27) Importer(815301076,1909f56bfc062723c751e8b465ee728b)
Start importing Packages/com.unity.xr.legacyinputhelpers/Prefabs/XRRig.prefab using Guid(c116b7497ab8ca34c9188965d4295e27) Importer(815301076,1909f56bfc062723c751e8b465ee728b)  -> (artifact id: '444eec6ac54f817db41114d76542a2d4') in 0.074108 seconds
  Import took 0.078161 seconds .

========================================================================
Received Import Request.
  Time since last request: 0.000355 seconds.
  path: Assets/Prefabs/Environment/Bathroom/Sink.prefab
  artifactKey: Guid(b2cd9ca61be77744ea109931b362b28e) Importer(815301076,1909f56bfc062723c751e8b465ee728b)
Start importing Assets/Prefabs/Environment/Bathroom/Sink.prefab using Guid(b2cd9ca61be77744ea109931b362b28e) Importer(815301076,1909f56bfc062723c751e8b465ee728b)  -> (artifact id: '3772235593b7fd99a5f5f40d856429cc') in 0.023973 seconds
  Import took 0.029295 seconds .

========================================================================
Received Import Request.
  Time since last request: 0.000513 seconds.
  path: Assets/Models/Bathroom/Pipe.fbx
  artifactKey: Guid(47e2eca61228faf488b365896acb3218) Importer(815301076,1909f56bfc062723c751e8b465ee728b)
Start importing Assets/Models/Bathroom/Pipe.fbx using Guid(47e2eca61228faf488b365896acb3218) Importer(815301076,1909f56bfc062723c751e8b465ee728b)  -> (artifact id: 'feb9e070caafe947d9d922aca483b561') in 0.025412 seconds
  Import took 0.032046 seconds .

========================================================================
Received Import Request.
  Time since last request: 0.000309 seconds.
  path: Assets/Prefabs/Environment/Corridors/Wall_Straight_02.prefab
  artifactKey: Guid(c013316754088b1449bccb219da41401) Importer(815301076,1909f56bfc062723c751e8b465ee728b)
Start importing Assets/Prefabs/Environment/Corridors/Wall_Straight_02.prefab using Guid(c013316754088b1449bccb219da41401) Importer(815301076,1909f56bfc062723c751e8b465ee728b)  -> (artifact id: 'f864b556ab05719696be8934a2cfa9bb') in 0.035970 seconds
  Import took 0.041787 seconds .

========================================================================
Received Import Request.
  Time since last request: 0.000289 seconds.
  path: Assets/Prefabs/VFX/RisingSteam.prefab
  artifactKey: Guid(efe021d4c307b5449b8121d46791cf95) Importer(815301076,1909f56bfc062723c751e8b465ee728b)
Start importing Assets/Prefabs/VFX/RisingSteam.prefab using Guid(efe021d4c307b5449b8121d46791cf95) Importer(815301076,1909f56bfc062723c751e8b465ee728b)  -> (artifact id: '6eec1c6055b518e4ae4e13075551ba79') in 0.005294 seconds
  Import took 0.008394 seconds .

========================================================================
Received Import Request.
  Time since last request: 0.000544 seconds.
  path: Assets/Prefabs/Environment/Corridors/Wall_Straight_Exterior_02.prefab
  artifactKey: Guid(58d816ba5e386644e8997f9e70931507) Importer(815301076,1909f56bfc062723c751e8b465ee728b)
Start importing Assets/Prefabs/Environment/Corridors/Wall_Straight_Exterior_02.prefab using Guid(58d816ba5e386644e8997f9e70931507) Importer(815301076,1909f56bfc062723c751e8b465ee728b)  -> (artifact id: 'e0dcbbc018aace6afc6245ebae919028') in 0.041012 seconds
  Import took 0.044236 seconds .

========================================================================
Received Import Request.
  Time since last request: 0.000264 seconds.
  path: Assets/Animation/Animation/Ghost@Shower.fbx
  artifactKey: Guid(4c7b6999390a2c24498d13e4084b200f) Importer(815301076,1909f56bfc062723c751e8b465ee728b)
Start importing Assets/Animation/Animation/Ghost@Shower.fbx using Guid(4c7b6999390a2c24498d13e4084b200f) Importer(815301076,1909f56bfc062723c751e8b465ee728b)  -> (artifact id: '46c14fa5ea8dde247cfd61ccc3b2af95') in 0.055428 seconds
  Import took 0.061881 seconds .

========================================================================
Received Import Request.
  Time since last request: 0.000321 seconds.
  path: Assets/Models/Bathroom/Radiator.fbx
  artifactKey: Guid(19e3879d616ebf74bbfa7790d48acfad) Importer(815301076,1909f56bfc062723c751e8b465ee728b)
Start importing Assets/Models/Bathroom/Radiator.fbx using Guid(19e3879d616ebf74bbfa7790d48acfad) Importer(815301076,1909f56bfc062723c751e8b465ee728b)  -> (artifact id: '54fd6905e169bc3b6ca0d9957badd779') in 0.030233 seconds
  Import took 0.036353 seconds .

========================================================================
Received Import Request.
  Time since last request: 0.000336 seconds.
  path: Assets/Models/Corridor/Wall_Straight_Exterior_04.fbx
  artifactKey: Guid(cb016b5198f6c0f488522ffdfe7f2cd0) Importer(815301076,1909f56bfc062723c751e8b465ee728b)
Start importing Assets/Models/Corridor/Wall_Straight_Exterior_04.fbx using Guid(cb016b5198f6c0f488522ffdfe7f2cd0) Importer(815301076,1909f56bfc062723c751e8b465ee728b)  -> (artifact id: 'cc0a1415e5e19e4cef06183c490176dd') in 0.043708 seconds
  Import took 0.048593 seconds .

========================================================================
Received Import Request.
  Time since last request: 0.000726 seconds.
  path: Assets/Prefabs/Environment/Corridors/Wall_Window_02.prefab
  artifactKey: Guid(962c5f6cf906ba8459778725994343f5) Importer(815301076,1909f56bfc062723c751e8b465ee728b)
Start importing Assets/Prefabs/Environment/Corridors/Wall_Window_02.prefab using Guid(962c5f6cf906ba8459778725994343f5) Importer(815301076,1909f56bfc062723c751e8b465ee728b)  -> (artifact id: '051807f7965f18b02d3e7cc1b48e5c40') in 0.042071 seconds
  Import took 0.047030 seconds .

========================================================================
Received Import Request.
  Time since last request: 0.000313 seconds.
  path: Assets/Models/Diningroom/Monster_Lamp.fbx
  artifactKey: Guid(a6cb4aad363f3fb419fd659b5facc519) Importer(815301076,1909f56bfc062723c751e8b465ee728b)
Start importing Assets/Models/Diningroom/Monster_Lamp.fbx using Guid(a6cb4aad363f3fb419fd659b5facc519) Importer(815301076,1909f56bfc062723c751e8b465ee728b)  -> (artifact id: '9f0e984c1c2e4a7137f5d48fbf6cae37') in 0.049008 seconds
  Import took 0.104458 seconds .

========================================================================
Received Import Request.
  Time since last request: 0.000216 seconds.
  path: Assets/Prefabs/Environment/Bathroom/Pipe.prefab
  artifactKey: Guid(56702188126f5154ba3e75b53bf5acc1) Importer(815301076,1909f56bfc062723c751e8b465ee728b)
Start importing Assets/Prefabs/Environment/Bathroom/Pipe.prefab using Guid(56702188126f5154ba3e75b53bf5acc1) Importer(815301076,1909f56bfc062723c751e8b465ee728b)  -> (artifact id: '958d857f8e2df4485e716245558db916') in 0.015013 seconds
  Import took 0.049253 seconds .

========================================================================
Received Import Request.
  Time since last request: 0.000398 seconds.
  path: Assets/Models/Corridor/Rug_Corridor.FBX
  artifactKey: Guid(16117d52108da314aaa138a6a9144186) Importer(815301076,1909f56bfc062723c751e8b465ee728b)
Start importing Assets/Models/Corridor/Rug_Corridor.FBX using Guid(16117d52108da314aaa138a6a9144186) Importer(815301076,1909f56bfc062723c751e8b465ee728b)  -> (artifact id: '375e264e6b2e805f9464dc9bea986eff') in 0.025647 seconds
  Import took 0.031172 seconds .

========================================================================
Received Import Request.
  Time since last request: 0.000555 seconds.
  path: Assets/Models/Corridor/EndPost.FBX
  artifactKey: Guid(edf38c584e65ce74790703fba4fc33e4) Importer(815301076,1909f56bfc062723c751e8b465ee728b)
Start importing Assets/Models/Corridor/EndPost.FBX using Guid(edf38c584e65ce74790703fba4fc33e4) Importer(815301076,1909f56bfc062723c751e8b465ee728b)  -> (artifact id: '22a88807fc25b09128d44e58aafa5994') in 0.030293 seconds
  Import took 0.067155 seconds .

========================================================================
Received Import Request.
  Time since last request: 0.000328 seconds.
  path: Assets/Prefabs/Environment/Bathroom/Bathtub.prefab
  artifactKey: Guid(f26189160194a0d498daa22e9472b389) Importer(815301076,1909f56bfc062723c751e8b465ee728b)
Start importing Assets/Prefabs/Environment/Bathroom/Bathtub.prefab using Guid(f26189160194a0d498daa22e9472b389) Importer(815301076,1909f56bfc062723c751e8b465ee728b)  -> (artifact id: '7ddec75b36f846c563354fb4d3cfd92c') in 0.047247 seconds
  Import took 0.050826 seconds .

========================================================================
Received Import Request.
  Time since last request: 0.000386 seconds.
  path: Assets/Prefabs/Environment/Corridors/Wall_Straight_Exterior_04.prefab
  artifactKey: Guid(fe38739420c917b45aa10d806da6344b) Importer(815301076,1909f56bfc062723c751e8b465ee728b)
Start importing Assets/Prefabs/Environment/Corridors/Wall_Straight_Exterior_04.prefab using Guid(fe38739420c917b45aa10d806da6344b) Importer(815301076,1909f56bfc062723c751e8b465ee728b)  -> (artifact id: '101b57dd0935ff294adcc455a596569b') in 0.021369 seconds
  Import took 0.028328 seconds .

========================================================================
Received Import Request.
  Time since last request: 0.001086 seconds.
  path: Assets/Prefabs/VFX/Shower.prefab
  artifactKey: Guid(3d19250bdd4e0df4c8da855e85a8d70b) Importer(815301076,1909f56bfc062723c751e8b465ee728b)
Start importing Assets/Prefabs/VFX/Shower.prefab using Guid(3d19250bdd4e0df4c8da855e85a8d70b) Importer(815301076,1909f56bfc062723c751e8b465ee728b)  -> (artifact id: 'e87cad50509c9e7de20018d75f7f2b75') in 0.016683 seconds
  Import took 0.029153 seconds .

========================================================================
Received Import Request.
  Time since last request: 0.000362 seconds.
  path: Assets/Prefabs/Environment/Corridors/Wall_Window_01.prefab
  artifactKey: Guid(fca350f99b41b0845b466df4bb285fa6) Importer(815301076,1909f56bfc062723c751e8b465ee728b)
Start importing Assets/Prefabs/Environment/Corridors/Wall_Window_01.prefab using Guid(fca350f99b41b0845b466df4bb285fa6) Importer(815301076,1909f56bfc062723c751e8b465ee728b)  -> (artifact id: '2716f6db31f410df6dfccfe2f9243bd9') in 0.043740 seconds
  Import took 0.047224 seconds .

========================================================================
Received Import Request.
  Time since last request: 0.000338 seconds.
  path: Assets/Models/Corridor/Wall_Window_01.fbx
  artifactKey: Guid(2ab013d357382c5429b04e925bca86c9) Importer(815301076,1909f56bfc062723c751e8b465ee728b)
Start importing Assets/Models/Corridor/Wall_Window_01.fbx using Guid(2ab013d357382c5429b04e925bca86c9) Importer(815301076,1909f56bfc062723c751e8b465ee728b)  -> (artifact id: 'aed56ff3abdfd073a1cb5be03fd82000') in 0.070462 seconds
  Import took 0.075466 seconds .

========================================================================
Received Import Request.
  Time since last request: 0.000431 seconds.
  path: Assets/Models/Diningroom/Rug.FBX
  artifactKey: Guid(55d6ebb03cd813f40b9a9c476b4e44af) Importer(815301076,1909f56bfc062723c751e8b465ee728b)
Start importing Assets/Models/Diningroom/Rug.FBX using Guid(55d6ebb03cd813f40b9a9c476b4e44af) Importer(815301076,1909f56bfc062723c751e8b465ee728b)  -> (artifact id: 'd7580d16aa74da667aef1150dd6a1b68') in 0.027674 seconds
  Import took 0.050301 seconds .

========================================================================
Received Import Request.
  Time since last request: 0.001105 seconds.
  path: Assets/Models/Corridor/Wall_Straight_02.fbx
  artifactKey: Guid(241f3dc7f2ed74d40a90ce43df5e2f23) Importer(815301076,1909f56bfc062723c751e8b465ee728b)
Start importing Assets/Models/Corridor/Wall_Straight_02.fbx using Guid(241f3dc7f2ed74d40a90ce43df5e2f23) Importer(815301076,1909f56bfc062723c751e8b465ee728b)  -> (artifact id: 'c34e9d266a1bfd849e8c82fd8b318ea3') in 0.058285 seconds
  Import took 0.076630 seconds .

========================================================================
Received Import Request.
  Time since last request: 0.000300 seconds.
  path: Assets/Prefabs/Environment/Corridors/Door.prefab
  artifactKey: Guid(141a3c088bae48f42a579375904a411c) Importer(815301076,1909f56bfc062723c751e8b465ee728b)
Start importing Assets/Prefabs/Environment/Corridors/Door.prefab using Guid(141a3c088bae48f42a579375904a411c) Importer(815301076,1909f56bfc062723c751e8b465ee728b)  -> (artifact id: 'fbff7739d8cf8780bfa76be9ce84b421') in 0.014539 seconds
  Import took 0.032153 seconds .

========================================================================
Received Import Request.
  Time since last request: 0.000302 seconds.
  path: Assets/Models/Bedroom/Bed.FBX
  artifactKey: Guid(eede23dbd9838a3408d728dbd8496a8c) Importer(815301076,1909f56bfc062723c751e8b465ee728b)
Start importing Assets/Models/Bedroom/Bed.FBX using Guid(eede23dbd9838a3408d728dbd8496a8c) Importer(815301076,1909f56bfc062723c751e8b465ee728b)  -> (artifact id: '98317e7493f97f95e4014c78a4ca5134') in 0.035679 seconds
  Import took 0.041401 seconds .

========================================================================
Received Import Request.
  Time since last request: 0.000432 seconds.
  path: Packages/com.unity.analytics/DataPrivacy/DataPrivacyButton.prefab
  artifactKey: Guid(71b11355001648444b41d17fd36c150d) Importer(815301076,1909f56bfc062723c751e8b465ee728b)
Start importing Packages/com.unity.analytics/DataPrivacy/DataPrivacyButton.prefab using Guid(71b11355001648444b41d17fd36c150d) Importer(815301076,1909f56bfc062723c751e8b465ee728b)  -> (artifact id: 'e6cf16d60754bb179ec42dfcbd0334e5') in 0.061950 seconds
  Import took 0.066205 seconds .

========================================================================
Received Import Request.
  Time since last request: 0.000438 seconds.
  path: Assets/Prefabs/Environment/Dinigroom/Table.prefab
  artifactKey: Guid(390c961e3e2b03342b3aabdfa362e13a) Importer(815301076,1909f56bfc062723c751e8b465ee728b)
Start importing Assets/Prefabs/Environment/Dinigroom/Table.prefab using Guid(390c961e3e2b03342b3aabdfa362e13a) Importer(815301076,1909f56bfc062723c751e8b465ee728b)  -> (artifact id: '5d4555a2555597d1e0929981f48bd03d') in 0.021590 seconds
  Import took 0.027727 seconds .

========================================================================
Received Import Request.
  Time since last request: 0.000548 seconds.
  path: Assets/Models/Corridor/PictureFrame_CatLady.FBX
  artifactKey: Guid(913d61a5ca2d96d43ba1c709260d55a7) Importer(815301076,1909f56bfc062723c751e8b465ee728b)
Start importing Assets/Models/Corridor/PictureFrame_CatLady.FBX using Guid(913d61a5ca2d96d43ba1c709260d55a7) Importer(815301076,1909f56bfc062723c751e8b465ee728b)  -> (artifact id: 'b5f735e6377f01fd3394edadc9ba5af8') in 0.040246 seconds
  Import took 0.046370 seconds .

========================================================================
Received Import Request.
  Time since last request: 0.000533 seconds.
  path: Assets/Models/Diningroom/Chair_02.FBX
  artifactKey: Guid(7fbca1f8946feba469173212be97dd0a) Importer(815301076,1909f56bfc062723c751e8b465ee728b)
Start importing Assets/Models/Diningroom/Chair_02.FBX using Guid(7fbca1f8946feba469173212be97dd0a) Importer(815301076,1909f56bfc062723c751e8b465ee728b)  -> (artifact id: 'ff75e5a69162ac68410cbe32558cfa7c') in 0.038045 seconds
  Import took 0.043224 seconds .

========================================================================
Received Import Request.
  Time since last request: 0.000366 seconds.
  path: Assets/Prefabs/VFX/CandleFlame.prefab
  artifactKey: Guid(a24956b5a0e552047a522ea09e794d95) Importer(815301076,1909f56bfc062723c751e8b465ee728b)
Start importing Assets/Prefabs/VFX/CandleFlame.prefab using Guid(a24956b5a0e552047a522ea09e794d95) Importer(815301076,1909f56bfc062723c751e8b465ee728b)  -> (artifact id: 'e0025111dc39e81315786c34b8b55881') in 0.014570 seconds
  Import took 0.020272 seconds .

========================================================================
Received Import Request.
  Time since last request: 0.000457 seconds.
  path: Assets/Animation/Animation/Ghost@Walk.fbx
  artifactKey: Guid(2017cad317b564c409a9e5bd02341461) Importer(815301076,1909f56bfc062723c751e8b465ee728b)
Start importing Assets/Animation/Animation/Ghost@Walk.fbx using Guid(2017cad317b564c409a9e5bd02341461) Importer(815301076,1909f56bfc062723c751e8b465ee728b)  -> (artifact id: 'de8b0f4f941441f0fb20eb401b4d8024') in 0.066311 seconds
  Import took 0.071494 seconds .

========================================================================
Received Import Request.
  Time since last request: 0.000300 seconds.
  path: Assets/Models/Corridor/Door.FBX
  artifactKey: Guid(4f50f81dc956a044fa3c905056d1cc4d) Importer(815301076,1909f56bfc062723c751e8b465ee728b)
Start importing Assets/Models/Corridor/Door.FBX using Guid(4f50f81dc956a044fa3c905056d1cc4d) Importer(815301076,1909f56bfc062723c751e8b465ee728b)  -> (artifact id: '1a6c400fa8ec4fb7a0d2e7fb6c5cf76a') in 0.055565 seconds
  Import took 0.058336 seconds .

========================================================================
Received Import Request.
  Time since last request: 0.000280 seconds.
  path: Assets/Models/Bedroom/Wardrobe.fbx
  artifactKey: Guid(0d1a084dedf18a344a48599b075521ec) Importer(815301076,1909f56bfc062723c751e8b465ee728b)
Start importing Assets/Models/Bedroom/Wardrobe.fbx using Guid(0d1a084dedf18a344a48599b075521ec) Importer(815301076,1909f56bfc062723c751e8b465ee728b)  -> (artifact id: 'caaf834eab284592e39df3e84deffb0e') in 0.048419 seconds
  Import took 0.051548 seconds .

========================================================================
Received Import Request.
  Time since last request: 0.000246 seconds.
  path: Assets/Prefabs/Environment/Corridors/Light.prefab
  artifactKey: Guid(fa833c84b0dbee34b84e6427f78feff3) Importer(815301076,1909f56bfc062723c751e8b465ee728b)
Start importing Assets/Prefabs/Environment/Corridors/Light.prefab using Guid(fa833c84b0dbee34b84e6427f78feff3) Importer(815301076,1909f56bfc062723c751e8b465ee728b)  -> (artifact id: 'e7e524ecb8bed0a50a1edd1b3b7f41e3') in 0.025781 seconds
  Import took 0.030918 seconds .

========================================================================
Received Import Request.
  Time since last request: 0.000517 seconds.
  path: Assets/Prefabs/Environment/Corridors/Wall_Straight_Exterior_03.prefab
  artifactKey: Guid(9aa36451a9a7f5148849a5de98e47e9e) Importer(815301076,1909f56bfc062723c751e8b465ee728b)
Start importing Assets/Prefabs/Environment/Corridors/Wall_Straight_Exterior_03.prefab using Guid(9aa36451a9a7f5148849a5de98e47e9e) Importer(815301076,1909f56bfc062723c751e8b465ee728b)  -> (artifact id: 'c9c335e82716a2ff3beabed6e790a511') in 0.022444 seconds
  Import took 0.029437 seconds .

========================================================================
Received Import Request.
  Time since last request: 0.000434 seconds.
  path: Assets/Prefabs/Environment/Dinigroom/Dining_Table.prefab
  artifactKey: Guid(5b0f30563ee344b498bf4627617fde32) Importer(815301076,1909f56bfc062723c751e8b465ee728b)
Start importing Assets/Prefabs/Environment/Dinigroom/Dining_Table.prefab using Guid(5b0f30563ee344b498bf4627617fde32) Importer(815301076,1909f56bfc062723c751e8b465ee728b)  -> (artifact id: 'cf20f5a92d55ac2eeb772bd7ea2d45a2') in 0.050283 seconds
  Import took 0.074478 seconds .

========================================================================
Received Import Request.
  Time since last request: 0.000382 seconds.
  path: Assets/Models/Corridor/Wall_Straight_Exterior_01.fbx
  artifactKey: Guid(1d270d22136a7e64eabcf39aaaedb613) Importer(815301076,1909f56bfc062723c751e8b465ee728b)
Start importing Assets/Models/Corridor/Wall_Straight_Exterior_01.fbx using Guid(1d270d22136a7e64eabcf39aaaedb613) Importer(815301076,1909f56bfc062723c751e8b465ee728b)  -> (artifact id: '6b9957d41b078f121a854e5bc3e5b5e7') in 0.057164 seconds
  Import took 0.060797 seconds .

========================================================================
Received Import Request.
  Time since last request: 0.000277 seconds.
  path: Assets/Prefabs/VFX/Flickering_Light.prefab
  artifactKey: Guid(7d9dddbfcd0c9c0468dfbc7d25bd2d79) Importer(815301076,1909f56bfc062723c751e8b465ee728b)
Start importing Assets/Prefabs/VFX/Flickering_Light.prefab using Guid(7d9dddbfcd0c9c0468dfbc7d25bd2d79) Importer(815301076,1909f56bfc062723c751e8b465ee728b)  -> (artifact id: 'd8a415194d30a6a35f252a1f85f24d63') in 0.010240 seconds
  Import took 0.014009 seconds .

========================================================================
Received Import Request.
  Time since last request: 0.000456 seconds.
  path: Assets/Models/Corridor/FloorPlane.fbx
  artifactKey: Guid(79ec22444806b2e4dafc0b51ad057fa1) Importer(815301076,1909f56bfc062723c751e8b465ee728b)
Start importing Assets/Models/Corridor/FloorPlane.fbx using Guid(79ec22444806b2e4dafc0b51ad057fa1) Importer(815301076,1909f56bfc062723c751e8b465ee728b)  -> (artifact id: 'b968a70395a9241fe583e684345df8aa') in 0.044832 seconds
  Import took 0.051918 seconds .

========================================================================
Received Import Request.
  Time since last request: 0.000407 seconds.
  path: Assets/Models/Bathroom/Sink.fbx
  artifactKey: Guid(29f8732179c306741966fcd26426f55e) Importer(815301076,1909f56bfc062723c751e8b465ee728b)
Start importing Assets/Models/Bathroom/Sink.fbx using Guid(29f8732179c306741966fcd26426f55e) Importer(815301076,1909f56bfc062723c751e8b465ee728b)  -> (artifact id: 'daf1a91aa301583c88e9535272781092') in 0.031865 seconds
  Import took 0.039477 seconds .

========================================================================
Received Import Request.
  Time since last request: 0.000306 seconds.
  path: Assets/Models/Corridor/Wall_Proto.fbx
  artifactKey: Guid(b65c279af989311408555e47592fb528) Importer(815301076,1909f56bfc062723c751e8b465ee728b)
Start importing Assets/Models/Corridor/Wall_Proto.fbx using Guid(b65c279af989311408555e47592fb528) Importer(815301076,1909f56bfc062723c751e8b465ee728b)  -> (artifact id: 'fac17740f3d312af061fcf6d45763ae1') in 0.055013 seconds
  Import took 0.101719 seconds .

========================================================================
Received Import Request.
  Time since last request: 0.000767 seconds.
  path: Assets/Prefabs/Environment/Bathroom/Mirror.prefab
  artifactKey: Guid(d6031845cf3b4ec40bda7a32e18cf967) Importer(815301076,1909f56bfc062723c751e8b465ee728b)
Start importing Assets/Prefabs/Environment/Bathroom/Mirror.prefab using Guid(d6031845cf3b4ec40bda7a32e18cf967) Importer(815301076,1909f56bfc062723c751e8b465ee728b)  -> (artifact id: 'a7e54549293a4abc480213482bb40673') in 0.022819 seconds
  Import took 0.030157 seconds .

========================================================================
Received Import Request.
  Time since last request: 0.000401 seconds.
  path: Assets/Prefabs/Environment/Dinigroom/Monster_Lamp.prefab
  artifactKey: Guid(c4cfdd186096c1842a81a4293d1b80da) Importer(815301076,1909f56bfc062723c751e8b465ee728b)
Start importing Assets/Prefabs/Environment/Dinigroom/Monster_Lamp.prefab using Guid(c4cfdd186096c1842a81a4293d1b80da) Importer(815301076,1909f56bfc062723c751e8b465ee728b)  -> (artifact id: 'aab83c6f0e0b187ab547493895bd8f7c') in 0.041407 seconds
  Import took 0.045153 seconds .

========================================================================
Received Import Request.
  Time since last request: 0.000307 seconds.
  path: Assets/Prefabs/Environment/Corridors/Wall_Corner_Exterior_Out.prefab
  artifactKey: Guid(c47f1a83b147ec342a2b5976fcfcdb01) Importer(815301076,1909f56bfc062723c751e8b465ee728b)
Start importing Assets/Prefabs/Environment/Corridors/Wall_Corner_Exterior_Out.prefab using Guid(c47f1a83b147ec342a2b5976fcfcdb01) Importer(815301076,1909f56bfc062723c751e8b465ee728b)  -> (artifact id: 'd5efcc73ec876a17c3f6114333c8005c') in 0.043220 seconds
  Import took 0.046276 seconds .

========================================================================
Received Import Request.
  Time since last request: 0.000332 seconds.
  path: Assets/Models/Diningroom/Clock.FBX
  artifactKey: Guid(91811fda631823c49b536c0b67dfec68) Importer(815301076,1909f56bfc062723c751e8b465ee728b)
Start importing Assets/Models/Diningroom/Clock.FBX using Guid(91811fda631823c49b536c0b67dfec68) Importer(815301076,1909f56bfc062723c751e8b465ee728b)  -> (artifact id: '422e49a3fe1a0f3ea885265a2a258f36') in 0.045639 seconds
  Import took 0.050002 seconds .

========================================================================
Received Import Request.
  Time since last request: 0.000402 seconds.
  path: Assets/Animation/Animation/John@Walk.fbx
  artifactKey: Guid(da1625e6a723d1745a6ba7f6565a130f) Importer(815301076,1909f56bfc062723c751e8b465ee728b)
Start importing Assets/Animation/Animation/John@Walk.fbx using Guid(da1625e6a723d1745a6ba7f6565a130f) Importer(815301076,1909f56bfc062723c751e8b465ee728b)  -> (artifact id: '442550aecadce71beb3431567bf037ad') in 0.085885 seconds
  Import took 0.090561 seconds .

========================================================================
Received Import Request.
  Time since last request: 0.000387 seconds.
  path: Assets/Prefabs/Environment/Corridors/Wall_Straight_Exterior_01.prefab
  artifactKey: Guid(e8b57bf1aa0bc904386562ebc4602661) Importer(815301076,1909f56bfc062723c751e8b465ee728b)
Start importing Assets/Prefabs/Environment/Corridors/Wall_Straight_Exterior_01.prefab using Guid(e8b57bf1aa0bc904386562ebc4602661) Importer(815301076,1909f56bfc062723c751e8b465ee728b)  -> (artifact id: '1863060e0b2ee33140544ca31fa6559e') in 0.016212 seconds
  Import took 0.022017 seconds .

========================================================================
Received Import Request.
  Time since last request: 0.000426 seconds.
  path: Assets/Models/Bathroom/Bathtub_Leg.fbx
  artifactKey: Guid(3e66c691a68a4474286320eb7029e026) Importer(815301076,1909f56bfc062723c751e8b465ee728b)
Start importing Assets/Models/Bathroom/Bathtub_Leg.fbx using Guid(3e66c691a68a4474286320eb7029e026) Importer(815301076,1909f56bfc062723c751e8b465ee728b)  -> (artifact id: 'c750eac4c77632d2d3a0f4a421ca396f') in 0.029545 seconds
  Import took 0.035773 seconds .

========================================================================
Received Import Request.
  Time since last request: 0.000766 seconds.
  path: Assets/Models/Corridor/PictureFrame_MrMan.FBX
  artifactKey: Guid(2a56ae9ef7aa4654a96f73bda9a4c2c6) Importer(815301076,1909f56bfc062723c751e8b465ee728b)
Start importing Assets/Models/Corridor/PictureFrame_MrMan.FBX using Guid(2a56ae9ef7aa4654a96f73bda9a4c2c6) Importer(815301076,1909f56bfc062723c751e8b465ee728b)  -> (artifact id: '949dc20236d6dc7f3c7efcd6806c53e3') in 0.042691 seconds
  Import took 0.060336 seconds .

========================================================================
Received Import Request.
  Time since last request: 0.000569 seconds.
  path: Assets/Models/Corridor/PictureFrame_StraightThin.FBX
  artifactKey: Guid(2de78e17331d71b49bd26432f0301b13) Importer(815301076,1909f56bfc062723c751e8b465ee728b)
Start importing Assets/Models/Corridor/PictureFrame_StraightThin.FBX using Guid(2de78e17331d71b49bd26432f0301b13) Importer(815301076,1909f56bfc062723c751e8b465ee728b)  -> (artifact id: '4a9bba740c4fb98bdb4d7f32bd8ecb61') in 0.031461 seconds
  Import took 0.037958 seconds .

========================================================================
Received Import Request.
  Time since last request: 0.000377 seconds.
  path: Assets/Models/Corridor/Wall_Straight_01.fbx
  artifactKey: Guid(ca04dfc6bbf3c2e4a9601d58495fff52) Importer(815301076,1909f56bfc062723c751e8b465ee728b)
Start importing Assets/Models/Corridor/Wall_Straight_01.fbx using Guid(ca04dfc6bbf3c2e4a9601d58495fff52) Importer(815301076,1909f56bfc062723c751e8b465ee728b)  -> (artifact id: 'e92c9723c77903a8d857a831f100f916') in 0.043100 seconds
  Import took 0.052180 seconds .

========================================================================
Received Import Request.
  Time since last request: 0.000920 seconds.
  path: Assets/Prefabs/Environment/Corridors/Wall_Corner_Interior.prefab
  artifactKey: Guid(5a088a5f9e886a64b90e23ed9d048b4f) Importer(815301076,1909f56bfc062723c751e8b465ee728b)
Start importing Assets/Prefabs/Environment/Corridors/Wall_Corner_Interior.prefab using Guid(5a088a5f9e886a64b90e23ed9d048b4f) Importer(815301076,1909f56bfc062723c751e8b465ee728b)  -> (artifact id: '5d8806e40acfb768c749ffcd903badcc') in 0.025298 seconds
  Import took 0.030911 seconds .

========================================================================
Received Import Request.
  Time since last request: 0.000332 seconds.
  path: Assets/Prefabs/Environment/Corridors/Post.prefab
  artifactKey: Guid(32d2a8958697bb644913bfaedcc8df68) Importer(815301076,1909f56bfc062723c751e8b465ee728b)
Start importing Assets/Prefabs/Environment/Corridors/Post.prefab using Guid(32d2a8958697bb644913bfaedcc8df68) Importer(815301076,1909f56bfc062723c751e8b465ee728b)  -> (artifact id: 'e5c924f19eab3bd9b4669727db88e5cf') in 0.035663 seconds
  Import took 0.042454 seconds .

========================================================================
Received Import Request.
  Time since last request: 0.000359 seconds.
  path: Assets/Models/Bedroom/Bedside_Table.fbx
  artifactKey: Guid(03826036ee9ac8e4d8ca68be8431cab3) Importer(815301076,1909f56bfc062723c751e8b465ee728b)
Start importing Assets/Models/Bedroom/Bedside_Table.fbx using Guid(03826036ee9ac8e4d8ca68be8431cab3) Importer(815301076,1909f56bfc062723c751e8b465ee728b)  -> (artifact id: '73d35dc76909b76d79c6b90d6f963472') in 0.048246 seconds
  Import took 0.052220 seconds .

========================================================================
Received Import Request.
  Time since last request: 0.000482 seconds.
  path: Assets/Prefabs/Environment/Dinigroom/Candlestick.prefab
  artifactKey: Guid(d775be624a1870245b73e82cbc922cfc) Importer(815301076,1909f56bfc062723c751e8b465ee728b)
Start importing Assets/Prefabs/Environment/Dinigroom/Candlestick.prefab using Guid(d775be624a1870245b73e82cbc922cfc) Importer(815301076,1909f56bfc062723c751e8b465ee728b)  -> (artifact id: '420b56a772721283aa8a424891f226d4') in 0.036261 seconds
  Import took 0.041968 seconds .

========================================================================
Received Import Request.
  Time since last request: 0.000338 seconds.
  path: Assets/Models/Corridor/PictureFrame_Curvy.FBX
  artifactKey: Guid(5fc70289fcf1df046a32d969758ff20c) Importer(815301076,1909f56bfc062723c751e8b465ee728b)
Start importing Assets/Models/Corridor/PictureFrame_Curvy.FBX using Guid(5fc70289fcf1df046a32d969758ff20c) Importer(815301076,1909f56bfc062723c751e8b465ee728b)  -> (artifact id: '8338810799fe86180740b212168be02a') in 0.047242 seconds
  Import took 0.051268 seconds .

========================================================================
Received Prepare
Registering precompiled user dll's ...
Registered in 0.006601 seconds.
Begin MonoManager ReloadAssembly
Native extension for WindowsStandalone target not found
Native extension for WebGL target not found
Refreshing native plugins compatible for Editor in 0.49 ms, found 0 plugins.
Preloading 0 native plugins for Editor in 0.00 ms.
Invoked RoslynAnalysisRunner static constructor.
RoslynAnalysisRunner will not be running.
RoslynAnalysisRunner has terminated.
Mono: successfully reloaded assembly
- Completed reload, in  0.892 seconds
Platform modules already initialized, skipping
Refreshing native plugins compatible for Editor in 0.88 ms, found 0 plugins.
Preloading 0 native plugins for Editor in 0.00 ms.
Unloading 1584 Unused Serialized files (Serialized files now loaded: 0)
System memory in use before: 150.6 MB.
System memory in use after: 150.7 MB.

Unloading 29 unused Assets to reduce memory usage. Loaded Objects now: 2132.
Total: 3.359500 ms (FindLiveObjects: 0.313600 ms CreateObjectMapping: 0.123300 ms MarkObjects: 2.827500 ms  DeleteObjects: 0.093300 ms)

